[backblue.gif]
[fade.gif]
[index.html]
[mybootheme.com/pasific/v1_0_3/assets/img/portfolio/preview/img-370x165-1.jpg]
[mybootheme.com/pasific/v1_0_3/assets/img/portfolio/preview/img-180x340-1.jpg]
[mybootheme.com/pasific/v1_0_3/assets/img/portfolio/preview/img-180x165-1.jpg]
[mybootheme.com/pasific/v1_0_3/assets/img/portfolio/preview/img-180x165-2.jpg]
[mybootheme.com/pasific/v1_0_3/assets/img/portfolio/preview/img-370x340-1.jpg]
[mybootheme.com/pasific/v1_0_3/assets/img/portfolio/preview/img-370x165-2.jpg]
[mybootheme.com/pasific/v1_0_3/assets/img/portfolio/preview/img-370x165-3.jpg]
[mybootheme.com/pasific/v1_0_3/assets/img/portfolio/preview/img-180x340-2.jpg]
[mybootheme.com/pasific/v1_0_3/assets/img/portfolio/preview/img-180x165-3.jpg]
[mybootheme.com/pasific/v1_0_3/assets/img/portfolio/preview/img-180x165-4.jpg]
[mybootheme.com/pasific/v1_0_3/assets/img/bg/bg-subheader-5.jpg]
[mybootheme.com/pasific/v1_0_3/assets/js/core/jquery.min.js]
[mybootheme.com/pasific/v1_0_3/assets/js/core/bootstrap.min.js]
[mybootheme.com/pasific/v1_0_3/assets/js/magnific-popup/jquery.magnific-popup.min.js]
[mybootheme.com/pasific/v1_0_3/assets/js/magnific-popup/magnific-popup-zoom-gallery.js]
[mybootheme.com/pasific/v1_0_3/assets/js/main/jquery.appear.js]
[mybootheme.com/pasific/v1_0_3/assets/js/main/isotope.pkgd.min.js]
[mybootheme.com/pasific/v1_0_3/assets/js/main/parallax.min.js]
[mybootheme.com/pasific/v1_0_3/assets/js/main/jquery.countTo.js]
[mybootheme.com/pasific/v1_0_3/assets/js/main/owl.carousel.min.js]
[mybootheme.com/pasific/v1_0_3/assets/js/main/jquery.sticky.js]
[mybootheme.com/pasific/v1_0_3/assets/js/main/ion.rangeSlider.min.js]
[mybootheme.com/pasific/v1_0_3/assets/js/main/imagesloaded.pkgd.min.js]
[mybootheme.com/pasific/v1_0_3/assets/js/main/main.js]
[mybootheme.com/pasific/v1_0_3/portfolio-masonry-1.html]
[mybootheme.com/pasific/v1_0_3/assets/img/bg/img-bg-1.jpg]
[mybootheme.com/pasific/v1_0_3/assets/img/portfolio/preview/1.jpg]
[mybootheme.com/pasific/v1_0_3/assets/img/portfolio/thumbs/img-550x350-1.jpg]
[mybootheme.com/pasific/v1_0_3/assets/img/portfolio/preview/2.jpg]
[mybootheme.com/pasific/v1_0_3/assets/img/portfolio/thumbs/img-550x350-3.jpg]
[mybootheme.com/pasific/v1_0_3/assets/img/portfolio/thumbs/img-550x350-2.jpg]
[mybootheme.com/pasific/v1_0_3/assets/img/portfolio/preview/3.jpg]
[mybootheme.com/pasific/v1_0_3/assets/img/portfolio/thumbs/img-550x350-4.jpg]
[mybootheme.com/pasific/v1_0_3/assets/img/portfolio/preview/4.jpg]
[mybootheme.com/pasific/v1_0_3/assets/img/portfolio/thumbs/img-550x350-6.jpg]
[mybootheme.com/pasific/v1_0_3/assets/img/portfolio/preview/5.jpg]
[mybootheme.com/pasific/v1_0_3/assets/img/portfolio/thumbs/img-550x350-5.jpg]
[mybootheme.com/pasific/v1_0_3/assets/img/portfolio/preview/6.jpg]
[mybootheme.com/pasific/v1_0_3/assets/img/portfolio/thumbs/img-550x350-7.jpg]
[mybootheme.com/pasific/v1_0_3/assets/img/portfolio/preview/7.jpg]
[mybootheme.com/pasific/v1_0_3/assets/img/portfolio/thumbs/img-550x350-8.jpg]
[mybootheme.com/pasific/v1_0_3/assets/img/other/img-other-4.png]
[mybootheme.com/pasific/v1_0_3/assets/img/other/img-other-5.jpg]
[mybootheme.com/pasific/v1_0_3/assets/img/bg/img-bg-2.jpg]
[mybootheme.com/pasific/v1_0_3/assets/img/team/img-team-1.jpg]
[mybootheme.com/pasific/v1_0_3/assets/img/team/img-team-2.jpg]
[mybootheme.com/pasific/v1_0_3/assets/img/team/img-team-3.jpg]
[mybootheme.com/pasific/v1_0_3/assets/img/team/img-team-4.jpg]
[mybootheme.com/pasific/v1_0_3/assets/img/team/img-team-5.jpg]
[mybootheme.com/pasific/v1_0_3/assets/img/other/map.png]
[mybootheme.com/pasific/v1_0_3/assets/img/bg/bg-wood.jpg]
[mybootheme.com/pasific/v1_0_3/assets/img/other/img-other-6.png]
[mybootheme.com/pasific/v1_0_3/assets/img/other/img-other-1.png]
[mybootheme.com/pasific/v1_0_3/assets/img/other/img-other-2.png]
[mybootheme.com/pasific/v1_0_3/assets/img/shop/img-shop-1.png]
[mybootheme.com/pasific/v1_0_3/assets/img/shop/img-shop-2.png]
[mybootheme.com/pasific/v1_0_3/assets/img/shop/img-shop-3.png]
[mybootheme.com/pasific/v1_0_3/assets/img/shop/img-shop-4.png]
[mybootheme.com/pasific/v1_0_3/assets/img/blog/img-blog-2.jpg]
[mybootheme.com/pasific/v1_0_3/assets/img/blog/img-blog-4.jpg]
[mybootheme.com/pasific/v1_0_3/assets/img/other/photo-4.jpg]
[mybootheme.com/pasific/v1_0_3/assets/img/blog/img-blog-3.jpg]
[mybootheme.com/pasific/v1_0_3/assets/img/brand/paypal-gray.png]
[mybootheme.com/pasific/v1_0_3/assets/img/brand/evernote-gray.png]
[mybootheme.com/pasific/v1_0_3/assets/img/brand/microsoft-gray.png]
[mybootheme.com/pasific/v1_0_3/assets/img/brand/smashing-gray.png]
[mybootheme.com/pasific/v1_0_3/assets/img/brand/mashable-gray.png]
[mybootheme.com/pasific/v1_0_3/assets/img/brand/guardian-gray.png]
[mybootheme.com/pasific/v1_0_3/assets/js/progress-bar/bootstrap-progressbar.js]
[mybootheme.com/pasific/v1_0_3/assets/js/progress-bar/bootstrap-progressbar-main.js]
[mybootheme.com/pasific/v1_0_3/assets/js/text-rotator/jquery.simple-text-rotator.min.js]
[mybootheme.com/pasific/v1_0_3/mp-index-parallax-1.html]
[mybootheme.com/pasific/v1_0_3/assets/js/textillate/jquery.fittext.js]
[mybootheme.com/pasific/v1_0_3/assets/js/textillate/jquery.lettering.js]
[mybootheme.com/pasific/v1_0_3/assets/js/textillate/jquery.textillate.js]
[mybootheme.com/pasific/v1_0_3/mp-index-parallax-2.html]
[mybootheme.com/pasific/v1_0_3/assets/img/bg/img-bg-3.jpg]
[mybootheme.com/pasific/v1_0_3/assets/js/typed/typed.min.js]
[mybootheme.com/pasific/v1_0_3/mp-index-parallax-3.html]
[mybootheme.com/pasific/v1_0_3/assets/img/bg/img-bg-29.png]
[mybootheme.com/pasific/v1_0_3/assets/img/other/img-other-18.png]
[mybootheme.com/pasific/v1_0_3/assets/img/bg/bg-parallax-7.jpg]
[mybootheme.com/pasific/v1_0_3/assets/img/team/7-1.jpg]
[mybootheme.com/pasific/v1_0_3/assets/img/team/8-1.jpg]
[mybootheme.com/pasific/v1_0_3/assets/img/team/9-1.jpg]
[mybootheme.com/pasific/v1_0_3/assets/img/team/10-1.jpg]
[mybootheme.com/pasific/v1_0_3/assets/img/team/11-1.jpg]
[mybootheme.com/pasific/v1_0_3/mp-index-parallax-4.html]
[mybootheme.com/pasific/v1_0_3/mp-index-carousel-1.html]
[mybootheme.com/pasific/v1_0_3/mp-index-carousel-2.html]
[mybootheme.com/pasific/v1_0_3/mp-index-carousel-3.html]
[mybootheme.com/pasific/v1_0_3/mp-index-carousel-4.html]
[mybootheme.com/pasific/v1_0_3/assets/js/main/jquery.backgroundvideo.js]
[mybootheme.com/pasific/v1_0_3/mp-index-bg-video.html]
[mybootheme.com/pasific/v1_0_3/assets/img/other/fbconnect.png]
[mybootheme.com/pasific/v1_0_3/assets/img/other/twconnect.png]
[mybootheme.com/pasific/v1_0_3/assets/img/bg/img-bg-31.jpg]
[mybootheme.com/pasific/v1_0_3/assets/img/bg/bg-parallax-8.jpg]
[mybootheme.com/pasific/v1_0_3/assets/js/particle/particles.min.js]
[mybootheme.com/pasific/v1_0_3/assets/js/particle/particles.main1.js]
[mybootheme.com/pasific/v1_0_3/mp-index-particle-1.html]
[mybootheme.com/pasific/v1_0_3/assets/img/bg/img-bg-34.jpg]
[mybootheme.com/pasific/v1_0_3/assets/img/bg/img-bg-33.jpg]
[mybootheme.com/pasific/v1_0_3/assets/img/bg/img-bg-32.jpg]
[mybootheme.com/pasific/v1_0_3/assets/js/particle/particles.main2.js]
[mybootheme.com/pasific/v1_0_3/mp-index-particle-2.html]
[mybootheme.com/pasific/v1_0_3/assets/img/bg/img-bg-14.jpg]
[mybootheme.com/pasific/v1_0_3/assets/img/app/img-app-1.png]
[mybootheme.com/pasific/v1_0_3/assets/img/app/img-app-8.jpg]
[mybootheme.com/pasific/v1_0_3/assets/img/app/img-app-14.jpg]
[mybootheme.com/pasific/v1_0_3/assets/img/app/img-app-10.jpg]
[mybootheme.com/pasific/v1_0_3/assets/img/app/img-app-11.jpg]
[mybootheme.com/pasific/v1_0_3/assets/img/app/img-app-12.jpg]
[mybootheme.com/pasific/v1_0_3/assets/img/app/img-app-13.jpg]
[mybootheme.com/pasific/v1_0_3/assets/img/app/img-app-9.jpg]
[mybootheme.com/pasific/v1_0_3/assets/img/team/14-1.jpg]
[mybootheme.com/pasific/v1_0_3/assets/img/team/13-1.jpg]
[mybootheme.com/pasific/v1_0_3/assets/img/team/12-1.jpg]
[mybootheme.com/pasific/v1_0_3/assets/img/app/img-app-2.png]
[mybootheme.com/pasific/v1_0_3/assets/img/app/img-app-3.png]
[mybootheme.com/pasific/v1_0_3/assets/img/app/img-app-4.png]
[mybootheme.com/pasific/v1_0_3/assets/img/app/img-app-5.png]
[mybootheme.com/pasific/v1_0_3/assets/img/app/img-app-6.png]
[mybootheme.com/pasific/v1_0_3/assets/img/app/img-app-7.png]
[mybootheme.com/pasific/v1_0_3/mp-index-mobile-developer-1.html]
[mybootheme.com/pasific/v1_0_3/assets/img/bg/img-bg-6.jpg]
[mybootheme.com/pasific/v1_0_3/assets/img/bg/img-bg-7.jpg]
[mybootheme.com/pasific/v1_0_3/assets/img/bg/img-bg-8.jpg]
[mybootheme.com/pasific/v1_0_3/mp-index-mobile-developer-2.html]
[mybootheme.com/pasific/v1_0_3/assets/img/bg/img-bg-9.jpg]
[mybootheme.com/pasific/v1_0_3/assets/img/other/img-other-8.png]
[mybootheme.com/pasific/v1_0_3/assets/img/other/img-other-13.png]
[mybootheme.com/pasific/v1_0_3/assets/img/other/img-other-15.png]
[mybootheme.com/pasific/v1_0_3/assets/img/bg/bg-parallax-1.jpg]
[mybootheme.com/pasific/v1_0_3/assets/img/other/img-other-11.png]
[mybootheme.com/pasific/v1_0_3/assets/js/progress-bar/circle-progress.js]
[mybootheme.com/pasific/v1_0_3/assets/js/progress-bar/circle-progress-main.js]
[mybootheme.com/pasific/v1_0_3/assets/js/main/googlemap.js]
[mybootheme.com/pasific/v1_0_3/mp-index-freelancer-1.html]
[mybootheme.com/pasific/v1_0_3/assets/img/bg/img-bg-10.jpg]
[mybootheme.com/pasific/v1_0_3/mp-index-freelancer-2.html]
[mybootheme.com/pasific/v1_0_3/assets/img/bg/img-bg-15.jpg]
[mybootheme.com/pasific/v1_0_3/mp-index-freelancer-3.html]
[mybootheme.com/pasific/v1_0_3/assets/img/bg/img-bg-5.jpg]
[mybootheme.com/pasific/v1_0_3/mp-index-graphic-cart-1.html]
[mybootheme.com/pasific/v1_0_3/mp-index-graphic-cart-2.html]
[mybootheme.com/pasific/v1_0_3/assets/img/bg/img-bg-11.jpg]
[mybootheme.com/pasific/v1_0_3/assets/img/team/1.png]
[mybootheme.com/pasific/v1_0_3/assets/img/team/2.png]
[mybootheme.com/pasific/v1_0_3/assets/img/team/3.png]
[mybootheme.com/pasific/v1_0_3/assets/img/team/4.png]
[mybootheme.com/pasific/v1_0_3/assets/img/team/5.png]
[mybootheme.com/pasific/v1_0_3/assets/img/team/6.png]
[mybootheme.com/pasific/v1_0_3/assets/img/blog/img-blog-1.jpg]
[mybootheme.com/pasific/v1_0_3/assets/img/brand/linkedin-gray.png]
[mybootheme.com/pasific/v1_0_3/assets/js/progress-bar/bootstrap-progressbar.min.js]
[mybootheme.com/pasific/v1_0_3/mp-index-minimalist-1.html]
[mybootheme.com/pasific/v1_0_3/mp-index-minimalist-2.html]
[mybootheme.com/pasific/v1_0_3/op-index-parallax-1.html]
[mybootheme.com/pasific/v1_0_3/op-index-parallax-2.html]
[mybootheme.com/pasific/v1_0_3/op-index-parallax-3.html]
[mybootheme.com/pasific/v1_0_3/op-index-parallax-4.html]
[mybootheme.com/pasific/v1_0_3/op-index-carousel-1.html]
[mybootheme.com/pasific/v1_0_3/op-index-carousel-2.html]
[mybootheme.com/pasific/v1_0_3/op-index-carousel-3.html]
[mybootheme.com/pasific/v1_0_3/op-index-carousel-4.html]
[mybootheme.com/pasific/v1_0_3/op-index-bg-video.html]
[mybootheme.com/pasific/v1_0_3/op-index-particle-1.html]
[mybootheme.com/pasific/v1_0_3/op-index-particle-2.html]
[mybootheme.com/pasific/v1_0_3/op-index-mobile-developer-1.html]
[mybootheme.com/pasific/v1_0_3/op-index-mobile-developer-2.html]
[mybootheme.com/pasific/v1_0_3/op-index-freelancer-1.html]
[mybootheme.com/pasific/v1_0_3/op-index-freelancer-2.html]
[mybootheme.com/pasific/v1_0_3/op-index-freelancer-3.html]
[mybootheme.com/pasific/v1_0_3/op-index-graphic-cart-1.html]
[mybootheme.com/pasific/v1_0_3/op-index-graphic-cart-2.html]
[mybootheme.com/pasific/v1_0_3/op-index-minimalist-1.html]
[mybootheme.com/pasific/v1_0_3/op-index-minimalist-2.html]
[mybootheme.com/pasific/v1_0_3/assets/img/other/img-other-7.jpg]
[mybootheme.com/pasific/v1_0_3/assets/img/bg/bg-parallax-5.jpg]
[mybootheme.com/pasific/v1_0_3/page-about-1.html]
[mybootheme.com/pasific/v1_0_3/assets/img/brand/adidas-gray.png]
[mybootheme.com/pasific/v1_0_3/assets/img/brand/pinterest-gray.png]
[mybootheme.com/pasific/v1_0_3/assets/img/brand/magento-gray.png]
[mybootheme.com/pasific/v1_0_3/assets/img/brand/wordpress-gray.png]
[mybootheme.com/pasific/v1_0_3/assets/img/brand/joomla-gray.png]
[mybootheme.com/pasific/v1_0_3/page-about-2.html]
[mybootheme.com/pasific/v1_0_3/assets/img/bg/bg-subheader-15.jpg]
[mybootheme.com/pasific/v1_0_3/page-about-3.html]
[mybootheme.com/pasific/v1_0_3/assets/img/other/img-other-16.png]
[mybootheme.com/pasific/v1_0_3/page-service-1.html]
[mybootheme.com/pasific/v1_0_3/assets/img/bg/bg-parallax-2.jpg]
[mybootheme.com/pasific/v1_0_3/page-service-2.html]
[mybootheme.com/pasific/v1_0_3/page-service-3.html]
[mybootheme.com/pasific/v1_0_3/assets/img/bg/img-bg-19.jpg]
[mybootheme.com/pasific/v1_0_3/page-feature-1.html]
[mybootheme.com/pasific/v1_0_3/page-feature-2.html]
[mybootheme.com/pasific/v1_0_3/page-feature-3.html]
[mybootheme.com/pasific/v1_0_3/assets/img/bg/bg-parallax-6.jpg]
[mybootheme.com/pasific/v1_0_3/page-team-1.html]
[mybootheme.com/pasific/v1_0_3/assets/img/team/8.jpg]
[mybootheme.com/pasific/v1_0_3/assets/img/team/9.jpg]
[mybootheme.com/pasific/v1_0_3/assets/img/team/10.jpg]
[mybootheme.com/pasific/v1_0_3/assets/img/team/7.jpg]
[mybootheme.com/pasific/v1_0_3/assets/img/team/11.jpg]
[mybootheme.com/pasific/v1_0_3/assets/img/team/12.jpg]
[mybootheme.com/pasific/v1_0_3/page-team-2.html]
[mybootheme.com/pasific/v1_0_3/assets/img/team/img-team-6.jpg]
[mybootheme.com/pasific/v1_0_3/assets/img/team/img-team-7.jpg]
[mybootheme.com/pasific/v1_0_3/assets/img/team/img-team-8.jpg]
[mybootheme.com/pasific/v1_0_3/assets/img/team/img-team-9.jpg]
[mybootheme.com/pasific/v1_0_3/page-team-3.html]
[mybootheme.com/pasific/v1_0_3/assets/img/bg/img-bg-18.jpg]
[mybootheme.com/pasific/v1_0_3/page-team-4.html]
[mybootheme.com/pasific/v1_0_3/assets/img/team/13.jpg]
[mybootheme.com/pasific/v1_0_3/assets/img/team/14.jpg]
[mybootheme.com/pasific/v1_0_3/page-team-5.html]
[mybootheme.com/pasific/v1_0_3/page-team-6.html]
[mybootheme.com/pasific/v1_0_3/assets/img/bg/img-bg-13.jpg]
[mybootheme.com/pasific/v1_0_3/page-faq-1.html]
[mybootheme.com/pasific/v1_0_3/page-faq-2.html]
[mybootheme.com/pasific/v1_0_3/page-faq-3.html]
[mybootheme.com/pasific/v1_0_3/assets/img/bg/img-bg-20.jpg]
[mybootheme.com/pasific/v1_0_3/page-price-1.html]
[mybootheme.com/pasific/v1_0_3/page-price-2.html]
[mybootheme.com/pasific/v1_0_3/assets/img/price/hosting-1.png]
[mybootheme.com/pasific/v1_0_3/page-price-3.html]
[mybootheme.com/pasific/v1_0_3/assets/img/brand/adidas-color.png]
[mybootheme.com/pasific/v1_0_3/assets/img/brand/evernote-color.png]
[mybootheme.com/pasific/v1_0_3/assets/img/brand/microsoft-color.png]
[mybootheme.com/pasific/v1_0_3/assets/img/brand/wordpress-color.png]
[mybootheme.com/pasific/v1_0_3/assets/img/brand/joomla-color.png]
[mybootheme.com/pasific/v1_0_3/assets/img/brand/linkedin-color.png]
[mybootheme.com/pasific/v1_0_3/assets/img/brand/paypal-color.png]
[mybootheme.com/pasific/v1_0_3/assets/img/brand/pinterest-color.png]
[mybootheme.com/pasific/v1_0_3/assets/img/brand/mashable-color.png]
[mybootheme.com/pasific/v1_0_3/assets/img/brand/smashing-color.png]
[mybootheme.com/pasific/v1_0_3/assets/img/brand/guardian-color.png]
[mybootheme.com/pasific/v1_0_3/assets/img/brand/magento-color.png]
[mybootheme.com/pasific/v1_0_3/page-client-1.html]
[mybootheme.com/pasific/v1_0_3/assets/img/brand/adidas-transparent.png]
[mybootheme.com/pasific/v1_0_3/assets/img/brand/evernote-transparent.png]
[mybootheme.com/pasific/v1_0_3/assets/img/brand/microsoft-transparent.png]
[mybootheme.com/pasific/v1_0_3/assets/img/brand/wordpress-transparent.png]
[mybootheme.com/pasific/v1_0_3/assets/img/brand/joomla-transparent.png]
[mybootheme.com/pasific/v1_0_3/assets/img/brand/linkedin-transparent.png]
[mybootheme.com/pasific/v1_0_3/assets/img/brand/paypal-transparent.png]
[mybootheme.com/pasific/v1_0_3/assets/img/brand/pinterest-transparent.png]
[mybootheme.com/pasific/v1_0_3/assets/img/brand/mashable-transparent.png]
[mybootheme.com/pasific/v1_0_3/assets/img/brand/smashing-transparent.png]
[mybootheme.com/pasific/v1_0_3/assets/img/brand/guardian-transparent.png]
[mybootheme.com/pasific/v1_0_3/assets/img/brand/magento-transparent.png]
[mybootheme.com/pasific/v1_0_3/page-client-2.html]
[mybootheme.com/pasific/v1_0_3/assets/img/portfolio/thumbs/img-550x350-9.jpg]
[mybootheme.com/pasific/v1_0_3/page-gallery-2col.html]
[mybootheme.com/pasific/v1_0_3/page-gallery-3col.html]
[mybootheme.com/pasific/v1_0_3/page-gallery-4col.html]
[mybootheme.com/pasific/v1_0_3/page-gallery-6col.html]
[mybootheme.com/pasific/v1_0_3/page-help-center-1.html]
[mybootheme.com/pasific/v1_0_3/page-help-center-2.html]
[mybootheme.com/pasific/v1_0_3/page-login-register-1.html]
[mybootheme.com/pasific/v1_0_3/assets/img/bg/img-bg-26.jpg]
[mybootheme.com/pasific/v1_0_3/page-login-register-2.html]
[mybootheme.com/pasific/v1_0_3/assets/img/bg/bg-pattern-2.png]
[mybootheme.com/pasific/v1_0_3/page-under-construction-1.html]
[mybootheme.com/pasific/v1_0_3/page-404.html]
[mybootheme.com/pasific/v1_0_3/assets/img/bg/img-bg-sub-1.jpg]
[mybootheme.com/pasific/v1_0_3/assets/img/other/img-other-9.png]
[mybootheme.com/pasific/v1_0_3/shortcode-animations.html]
[mybootheme.com/pasific/v1_0_3/shortcode-accordians.html]
[mybootheme.com/pasific/v1_0_3/shortcode-blockquotes.html]
[mybootheme.com/pasific/v1_0_3/shortcode-buttons.html]
[mybootheme.com/pasific/v1_0_3/assets/img/bg/img-bg-sub-2.jpg]
[mybootheme.com/pasific/v1_0_3/assets/img/bg/bg-parallax-3.jpg]
[mybootheme.com/pasific/v1_0_3/shortcode-content-boxes.html]
[mybootheme.com/pasific/v1_0_3/assets/img/bg/bg-parallax-4.jpg]
[mybootheme.com/pasific/v1_0_3/shortcode-counters.html]
[mybootheme.com/pasific/v1_0_3/shortcode-forms.html]
[mybootheme.com/pasific/v1_0_3/shortcode-headings.html]
[mybootheme.com/pasific/v1_0_3/shortcode-lists.html]
[mybootheme.com/pasific/v1_0_3/assets/img/bg/bg-subheader-7.jpg]
[mybootheme.com/pasific/v1_0_3/shortcode-icon-etline.html]
[mybootheme.com/pasific/v1_0_3/shortcode-icon-flat.html]
[mybootheme.com/pasific/v1_0_3/assets/img/bg/bg-subheader-8.jpg]
[mybootheme.com/pasific/v1_0_3/shortcode-icon-fontawesome.html]
[mybootheme.com/pasific/v1_0_3/assets/img/bg/bg-subheader-9.jpg]
[mybootheme.com/pasific/v1_0_3/shortcode-icon-glyph.html]
[mybootheme.com/pasific/v1_0_3/assets/img/bg/bg-subheader-6.jpg]
[mybootheme.com/pasific/v1_0_3/shortcode-icon-linea.html]
[mybootheme.com/pasific/v1_0_3/shortcode-progress-bars.html]
[mybootheme.com/pasific/v1_0_3/shortcode-progress-bars-circle.html]
[mybootheme.com/pasific/v1_0_3/shortcode-table-prices.html]
[mybootheme.com/pasific/v1_0_3/shortcode-tables.html]
[mybootheme.com/pasific/v1_0_3/shortcode-tabs.html]
[mybootheme.com/pasific/v1_0_3/shortcode-teams.html]
[mybootheme.com/pasific/v1_0_3/assets/js/demo.js]
[mybootheme.com/pasific/v1_0_3/shortcode-testimonials.html]
[mybootheme.com/pasific/v1_0_3/shortcode-typography.html]
[mybootheme.com/pasific/v1_0_3/portfolio-grid-center-2col.html]
[mybootheme.com/pasific/v1_0_3/portfolio-grid-center-3col.html]
[mybootheme.com/pasific/v1_0_3/portfolio-grid-center-4col.html]
[mybootheme.com/pasific/v1_0_3/portfolio-grid-fullwidth-3col.html]
[mybootheme.com/pasific/v1_0_3/portfolio-grid-fullwidth-4col.html]
[mybootheme.com/pasific/v1_0_3/portfolio-grid-fullwidth-6col.html]
[mybootheme.com/pasific/v1_0_3/portfolio-masonry-2.html]
[mybootheme.com/pasific/v1_0_3/assets/img/portfolio/thumbs/img-250x150.jpg]
[mybootheme.com/pasific/v1_0_3/assets/img/portfolio/thumbs/img-250x200.jpg]
[mybootheme.com/pasific/v1_0_3/assets/img/portfolio/thumbs/img-250x250.jpg]
[mybootheme.com/pasific/v1_0_3/assets/img/portfolio/thumbs/img-250x300.jpg]
[mybootheme.com/pasific/v1_0_3/assets/img/portfolio/thumbs/img-250x350.jpg]
[mybootheme.com/pasific/v1_0_3/assets/img/portfolio/thumbs/img-250x400.jpg]
[mybootheme.com/pasific/v1_0_3/assets/img/portfolio/thumbs/img-250x450.jpg]
[mybootheme.com/pasific/v1_0_3/assets/img/portfolio/thumbs/img-250x500.jpg]
[mybootheme.com/pasific/v1_0_3/portfolio-masonry-3.html]
[mybootheme.com/pasific/v1_0_3/portfolio-masonry-4.html]
[mybootheme.com/pasific/v1_0_3/assets/img/blog/img-blog-11.jpg]
[mybootheme.com/pasific/v1_0_3/assets/img/blog/img-blog-12.jpg]
[mybootheme.com/pasific/v1_0_3/assets/img/blog/img-blog-13.jpg]
[mybootheme.com/pasific/v1_0_3/assets/img/blog/img-blog-14.jpg]
[mybootheme.com/pasific/v1_0_3/assets/img/blog/img-blog-15.jpg]
[mybootheme.com/pasific/v1_0_3/assets/img/blog/img-blog-16.jpg]
[mybootheme.com/pasific/v1_0_3/assets/img/blog/img-blog-17.jpg]
[mybootheme.com/pasific/v1_0_3/blog-posts-one-masonry-center-1col.html]
[mybootheme.com/pasific/v1_0_3/blog-posts-one-masonry-center-2col.html]
[mybootheme.com/pasific/v1_0_3/blog-posts-one-masonry-center-3col.html]
[mybootheme.com/pasific/v1_0_3/blog-posts-one-masonry-center-4col.html]
[mybootheme.com/pasific/v1_0_3/blog-posts-one-masonry-fullwidth-3col.html]
[mybootheme.com/pasific/v1_0_3/blog-posts-one-masonry-fullwidth-4col.html]
[mybootheme.com/pasific/v1_0_3/blog-posts-one-masonry-fullwidth-6col.html]
[mybootheme.com/pasific/v1_0_3/assets/img/blog/img-blog-5.jpg]
[mybootheme.com/pasific/v1_0_3/assets/img/blog/img-blog-7.jpg]
[mybootheme.com/pasific/v1_0_3/assets/img/blog/img-blog-6.jpg]
[mybootheme.com/pasific/v1_0_3/assets/img/blog/img-blog-8.jpg]
[mybootheme.com/pasific/v1_0_3/blog-posts-three-1col.html]
[mybootheme.com/pasific/v1_0_3/blog-posts-three-2col.html]
[mybootheme.com/pasific/v1_0_3/blog-posts-three-3col.html]
[mybootheme.com/pasific/v1_0_3/blog-posts-three-4col.html]
[mybootheme.com/pasific/v1_0_3/blog-posts-three-6col.html]
[connect.facebook.net/en_US/sdk.js]
[mybootheme.com/pasific/v1_0_3/blog-posts-three-left-sb-2col.html]
[mybootheme.com/pasific/v1_0_3/blog-posts-three-left-sb-3col.html]
[mybootheme.com/pasific/v1_0_3/blog-posts-three-left-sb-4col.html]
[mybootheme.com/pasific/v1_0_3/blog-posts-three-right-sb-2col.html]
[mybootheme.com/pasific/v1_0_3/blog-posts-three-right-sb-3col.html]
[mybootheme.com/pasific/v1_0_3/blog-posts-three-right-sb-4col.html]
[mybootheme.com/pasific/v1_0_3/blog-post-read.html]
[mybootheme.com/pasific/v1_0_3/shop-no-sb-3col.html]
[mybootheme.com/pasific/v1_0_3/shop-no-sb-4col.html]
[mybootheme.com/pasific/v1_0_3/shop-no-sb-6col.html]
[mybootheme.com/pasific/v1_0_3/assets/img/shop/img-shop-thumb-1.png]
[mybootheme.com/pasific/v1_0_3/assets/img/shop/img-shop-thumb-2.png]
[mybootheme.com/pasific/v1_0_3/assets/img/shop/img-shop-thumb-3.png]
[mybootheme.com/pasific/v1_0_3/shop-left-sb-2col.html]
[mybootheme.com/pasific/v1_0_3/shop-left-sb-3col.html]
[mybootheme.com/pasific/v1_0_3/shop-left-sb-4col.html]
[mybootheme.com/pasific/v1_0_3/shop-right-sb-2col.html]
[mybootheme.com/pasific/v1_0_3/shop-right-sb-3col.html]
[mybootheme.com/pasific/v1_0_3/shop-right-sb-4col.html]
[mybootheme.com/pasific/v1_0_3/page-contact-1.html]
[mybootheme.com/pasific/v1_0_3/assets/img/apple-touch-icon.png]
[mybootheme.com/pasific/v1_0_3/assets/img/favicon.png]
[mybootheme.com/pasific/v1_0_3/assets/img/apple-touch-icon-114x114.png]
[mybootheme.com/pasific/v1_0_3/assets/img/apple-touch-icon-72x72.png]
[mybootheme.com/pasific/v1_0_3/assets/fonts/glyphicons/glyphicons-halflings-regular.eot]
[mybootheme.com/pasific/v1_0_3/assets/fonts/glyphicons/glyphicons-halflings-regular.woff]
[mybootheme.com/pasific/v1_0_3/assets/fonts/glyphicons/glyphicons-halflings-regular.ttf]
[mybootheme.com/pasific/v1_0_3/assets/css/core/bootstrap.min.css]
[mybootheme.com/pasific/v1_0_3/assets/css/core/animate.min.css]
[mybootheme.com/pasific/v1_0_3/assets/css/main/main.min.css]
[mybootheme.com/pasific/v1_0_3/assets/css/magnific/magic.min.css]
[mybootheme.com/pasific/v1_0_3/assets/css/magnific/magnific-popup.css]
[mybootheme.com/pasific/v1_0_3/assets/css/magnific/magnific-popup-zoom-gallery.css]
[mybootheme.com/pasific/v1_0_3/assets/img/logo/logo-default.png]
[mybootheme.com/pasific/v1_0_3/assets/css/owl-carousel/owl.carousel.css]
[mybootheme.com/pasific/v1_0_3/assets/img/other/img-other-3.png]
[mybootheme.com/pasific/v1_0_3/assets/css/owl-carousel/owl.theme.css]
[mybootheme.com/pasific/v1_0_3/assets/img/portfolio/thumbs/img-370x165-1.jpg]
[mybootheme.com/pasific/v1_0_3/assets/css/owl-carousel/owl.transitions.css]
[mybootheme.com/pasific/v1_0_3/assets/css/color/pasific.css]
[mybootheme.com/pasific/v1_0_3/assets/img/portfolio/thumbs/img-180x340-1.jpg]
[mybootheme.com/pasific/v1_0_3/assets/img/portfolio/thumbs/img-180x165-1.jpg]
[mybootheme.com/pasific/v1_0_3/assets/fonts/font-awesome/fontawesome-webfont3295.eot]
[mybootheme.com/pasific/v1_0_3/assets/img/portfolio/thumbs/img-180x165-2.jpg]
[mybootheme.com/pasific/v1_0_3/assets/fonts/font-awesome/fontawesome-webfontd41d.eot]
[mybootheme.com/pasific/v1_0_3/assets/fonts/font-awesome/fontawesome-webfont3295.woff]
[mybootheme.com/pasific/v1_0_3/assets/fonts/font-awesome/fontawesome-webfont3295.ttf]
[mybootheme.com/pasific/v1_0_3/assets/css/icon/font-awesome.css]
[mybootheme.com/pasific/v1_0_3/assets/img/portfolio/thumbs/img-370x340-1.jpg]
[mybootheme.com/pasific/v1_0_3/assets/fonts/et-line/et-line.eot]
[mybootheme.com/pasific/v1_0_3/assets/img/portfolio/thumbs/img-370x165-2.jpg]
[mybootheme.com/pasific/v1_0_3/assets/fonts/et-line/et-line.woff]
[mybootheme.com/pasific/v1_0_3/assets/fonts/et-line/et-line.ttf]
[mybootheme.com/pasific/v1_0_3/assets/img/portfolio/thumbs/img-370x165-3.jpg]
[mybootheme.com/pasific/v1_0_3/assets/css/icon/et-line-font.css]
[mybootheme.com/pasific/v1_0_3/assets/img/other/puff.svg]
[mybootheme.com/pasific/v1_0_3/assets/img/portfolio/thumbs/img-180x340-2.jpg]
[mybootheme.com/pasific/v1_0_3/assets/img/portfolio/thumbs/img-180x165-3.jpg]
[mybootheme.com/pasific/v1_0_3/mp-index-parallax-1.html]
[mybootheme.com/pasific/v1_0_3/assets/img/portfolio/thumbs/img-180x165-4.jpg]
[mybootheme.com/pasific/v1_0_3/assets/img/other/photo-1.jpg]
[mybootheme.com/pasific/v1_0_3/assets/img/other/photo-2.jpg]
[mybootheme.com/pasific/v1_0_3/shortcode-animations.html]
[mybootheme.com/pasific/v1_0_3/assets/img/other/photo-3.jpg]
[mybootheme.com/pasific/v1_0_3/assets/css/demo.css]
[mybootheme.com/pasific/v1_0_3/assets/css/typed/typed.css]
[mybootheme.com/pasific/v1_0_3/assets/img/flat-icon/briefcase.svg]
[mybootheme.com/pasific/v1_0_3/assets/img/flat-icon/close_up_mode.svg]
[mybootheme.com/pasific/v1_0_3/assets/img/flat-icon/engineering.svg]
[mybootheme.com/pasific/v1_0_3/assets/img/flat-icon/assistant.svg]
[mybootheme.com/pasific/v1_0_3/assets/img/flat-icon/multiple_devices.svg]
[mybootheme.com/pasific/v1_0_3/assets/img/flat-icon/paid.svg]
[mybootheme.com/pasific/v1_0_3/assets/img/flat-icon/reading.svg]
[mybootheme.com/pasific/v1_0_3/assets/img/flat-icon/idea.svg]
[mybootheme.com/pasific/v1_0_3/assets/img/flat-icon/donate.svg]
[mybootheme.com/pasific/v1_0_3/assets/img/flat-icon/gallery.svg]
[mybootheme.com/pasific/v1_0_3/assets/img/flat-icon/alarm_clock.svg]
[mybootheme.com/pasific/v1_0_3/assets/css/core/bootstrap.css]
[mybootheme.com/pasific/v1_0_3/assets/css/simple-text-rotator/simple-text-rotator.css]
[mybootheme.com/pasific/v1_0_3/assets/img/other/img-other-19.png]
[mybootheme.com/pasific/v1_0_3/assets/css/main/cover.css]
[mybootheme.com/pasific/v1_0_3/assets/img/flat-icon/flash_on.svg]
[mybootheme.com/pasific/v1_0_3/assets/img/flat-icon/flash_off.svg]
[mybootheme.com/pasific/v1_0_3/assets/img/flat-icon/flash_auto.svg]
[mybootheme.com/pasific/v1_0_3/assets/img/flat-icon/panorama.svg]
[mybootheme.com/pasific/v1_0_3/assets/img/flat-icon/landscape.svg]
[mybootheme.com/pasific/v1_0_3/assets/img/flat-icon/night_landscape.svg]
[mybootheme.com/pasific/v1_0_3/assets/img/flat-icon/sports_mode.svg]
[mybootheme.com/pasific/v1_0_3/assets/img/flat-icon/portrait_mode.svg]
[mybootheme.com/pasific/v1_0_3/assets/img/flat-icon/night_portrait.svg]
[mybootheme.com/pasific/v1_0_3/assets/fonts/glyphicons/glyphicons-halflings-regulard41d.eot]
[mybootheme.com/pasific/v1_0_3/assets/img/flat-icon/selfie.svg]
[mybootheme.com/pasific/v1_0_3/assets/img/flat-icon/stack_of_photos.svg]
[mybootheme.com/pasific/v1_0_3/assets/img/flat-icon/add_image.svg]
[mybootheme.com/pasific/v1_0_3/assets/img/flat-icon/edit_image.svg]
[mybootheme.com/pasific/v1_0_3/assets/img/flat-icon/remove_image.svg]
[mybootheme.com/pasific/v1_0_3/assets/fonts/et-line/et-lined41d.eot]
[mybootheme.com/pasific/v1_0_3/assets/img/flat-icon/compact_camera.svg]
[mybootheme.com/pasific/v1_0_3/assets/img/flat-icon/multiple_cameras.svg]
[mybootheme.com/pasific/v1_0_3/assets/img/flat-icon/camera.svg]
[mybootheme.com/pasific/v1_0_3/assets/img/flat-icon/slr_back_side.svg]
[mybootheme.com/pasific/v1_0_3/assets/img/flat-icon/old_time_camera.svg]
[mybootheme.com/pasific/v1_0_3/assets/img/flat-icon/camera_addon.svg]
[mybootheme.com/pasific/v1_0_3/assets/img/flat-icon/camera_identification.svg]
[mybootheme.com/pasific/v1_0_3/assets/img/flat-icon/start.svg]
[mybootheme.com/pasific/v1_0_3/assets/img/flat-icon/clapperboard.svg]
[mybootheme.com/pasific/v1_0_3/assets/img/flat-icon/film.svg]
[mybootheme.com/pasific/v1_0_3/assets/img/flat-icon/camcorder.svg]
[mybootheme.com/pasific/v1_0_3/assets/img/flat-icon/camcorder_pro.svg]
[mybootheme.com/pasific/v1_0_3/assets/img/flat-icon/webcam.svg]
[mybootheme.com/pasific/v1_0_3/assets/img/flat-icon/integrated_webcam.svg]
[mybootheme.com/pasific/v1_0_3/assets/img/flat-icon/rotate_camera.svg]
[mybootheme.com/pasific/v1_0_3/assets/img/flat-icon/switch_camera.svg]
[mybootheme.com/pasific/v1_0_3/assets/img/flat-icon/photo_reel.svg]
[mybootheme.com/pasific/v1_0_3/assets/img/flat-icon/film_reel.svg]
[mybootheme.com/pasific/v1_0_3/assets/img/flat-icon/cable_release.svg]
[mybootheme.com/pasific/v1_0_3/assets/img/flat-icon/home.svg]
[mybootheme.com/pasific/v1_0_3/assets/img/flat-icon/icons8_cup.svg]
[mybootheme.com/pasific/v1_0_3/assets/img/flat-icon/globe.svg]
[mybootheme.com/pasific/v1_0_3/assets/img/flat-icon/ok.svg]
[mybootheme.com/pasific/v1_0_3/assets/img/flat-icon/checkmark.svg]
[mybootheme.com/pasific/v1_0_3/assets/img/flat-icon/cancel.svg]
[mybootheme.com/pasific/v1_0_3/assets/img/flat-icon/synchronize.svg]
[mybootheme.com/pasific/v1_0_3/assets/img/flat-icon/refresh.svg]
[mybootheme.com/pasific/v1_0_3/assets/img/flat-icon/download.svg]
[mybootheme.com/pasific/v1_0_3/assets/img/flat-icon/upload.svg]
[mybootheme.com/pasific/v1_0_3/assets/img/flat-icon/empty_trash.svg]
[mybootheme.com/pasific/v1_0_3/assets/img/flat-icon/full_trash.svg]
[mybootheme.com/pasific/v1_0_3/assets/img/flat-icon/folder.svg]
[mybootheme.com/pasific/v1_0_3/assets/img/flat-icon/opened_folder.svg]
[mybootheme.com/pasific/v1_0_3/assets/img/flat-icon/file.svg]
[mybootheme.com/pasific/v1_0_3/assets/img/flat-icon/document.svg]
[mybootheme.com/pasific/v1_0_3/assets/img/flat-icon/audio_file.svg]
[mybootheme.com/pasific/v1_0_3/assets/img/flat-icon/image_file.svg]
[mybootheme.com/pasific/v1_0_3/assets/img/flat-icon/video_file.svg]
[mybootheme.com/pasific/v1_0_3/assets/img/flat-icon/print.svg]
[mybootheme.com/pasific/v1_0_3/assets/img/flat-icon/music.svg]
[mybootheme.com/pasific/v1_0_3/assets/img/flat-icon/share.svg]
[mybootheme.com/pasific/v1_0_3/assets/img/flat-icon/cursor.svg]
[mybootheme.com/pasific/v1_0_3/assets/img/flat-icon/puzzle.svg]
[mybootheme.com/pasific/v1_0_3/assets/img/flat-icon/unlock.svg]
[mybootheme.com/pasific/v1_0_3/assets/img/flat-icon/lock.svg]
[mybootheme.com/pasific/v1_0_3/assets/img/flat-icon/no_idea.svg]
[mybootheme.com/pasific/v1_0_3/assets/img/flat-icon/link.svg]
[mybootheme.com/pasific/v1_0_3/assets/img/flat-icon/broken_link.svg]
[mybootheme.com/pasific/v1_0_3/assets/img/flat-icon/rating.svg]
[mybootheme.com/pasific/v1_0_3/assets/img/flat-icon/like_placeholder.svg]
[mybootheme.com/pasific/v1_0_3/assets/img/flat-icon/like.svg]
[mybootheme.com/pasific/v1_0_3/assets/img/flat-icon/dislike.svg]
[mybootheme.com/pasific/v1_0_3/assets/img/flat-icon/info.svg]
[mybootheme.com/pasific/v1_0_3/assets/img/flat-icon/about.svg]
[mybootheme.com/pasific/v1_0_3/assets/img/flat-icon/picture.svg]
[mybootheme.com/pasific/v1_0_3/assets/img/flat-icon/clock.svg]
[mybootheme.com/pasific/v1_0_3/assets/img/flat-icon/address_book.svg]
[mybootheme.com/pasific/v1_0_3/assets/img/flat-icon/contacts.svg]
[mybootheme.com/pasific/v1_0_3/assets/img/flat-icon/news.svg]
[mybootheme.com/pasific/v1_0_3/assets/img/flat-icon/bookmark.svg]
[mybootheme.com/pasific/v1_0_3/assets/img/flat-icon/binoculars.svg]
[mybootheme.com/pasific/v1_0_3/assets/img/flat-icon/search.svg]
[mybootheme.com/pasific/v1_0_3/assets/img/flat-icon/ruler.svg]
[mybootheme.com/pasific/v1_0_3/assets/img/flat-icon/services.svg]
[mybootheme.com/pasific/v1_0_3/assets/img/flat-icon/settings.svg]
[mybootheme.com/pasific/v1_0_3/assets/img/flat-icon/support.svg]
[mybootheme.com/pasific/v1_0_3/assets/img/flat-icon/frame.svg]
[mybootheme.com/pasific/v1_0_3/assets/img/flat-icon/menu.svg]
[mybootheme.com/pasific/v1_0_3/assets/img/flat-icon/key.svg]
[mybootheme.com/pasific/v1_0_3/assets/img/flat-icon/calendar.svg]
[mybootheme.com/pasific/v1_0_3/assets/img/flat-icon/calculator.svg]
[mybootheme.com/pasific/v1_0_3/assets/img/flat-icon/minus.svg]
[mybootheme.com/pasific/v1_0_3/assets/img/flat-icon/plus.svg]
[mybootheme.com/pasific/v1_0_3/assets/img/flat-icon/graduation_cap.svg]
[mybootheme.com/pasific/v1_0_3/assets/img/flat-icon/business.svg]
[mybootheme.com/pasific/v1_0_3/assets/img/flat-icon/signature.svg]
[mybootheme.com/pasific/v1_0_3/assets/img/flat-icon/safe.svg]
[mybootheme.com/pasific/v1_0_3/assets/img/flat-icon/advertising.svg]
[mybootheme.com/pasific/v1_0_3/assets/img/flat-icon/businessman.svg]
[mybootheme.com/pasific/v1_0_3/assets/img/flat-icon/businesswoman.svg]
[mybootheme.com/pasific/v1_0_3/assets/img/flat-icon/manager.svg]
[mybootheme.com/pasific/v1_0_3/assets/img/flat-icon/online_support.svg]
[mybootheme.com/pasific/v1_0_3/assets/img/flat-icon/customer_support.svg]
[mybootheme.com/pasific/v1_0_3/assets/img/flat-icon/reading_ebook.svg]
[mybootheme.com/pasific/v1_0_3/assets/img/flat-icon/neutral_trading.svg]
[mybootheme.com/pasific/v1_0_3/assets/img/flat-icon/bullish.svg]
[mybootheme.com/pasific/v1_0_3/assets/img/flat-icon/bearish.svg]
[mybootheme.com/pasific/v1_0_3/assets/img/flat-icon/high_priority.svg]
[mybootheme.com/pasific/v1_0_3/assets/img/flat-icon/medium_priority.svg]
[mybootheme.com/pasific/v1_0_3/assets/img/flat-icon/low_priority.svg]
[mybootheme.com/pasific/v1_0_3/assets/img/flat-icon/make_decision.svg]
[mybootheme.com/pasific/v1_0_3/assets/img/flat-icon/decision.svg]
[mybootheme.com/pasific/v1_0_3/assets/img/flat-icon/good_decision.svg]
[mybootheme.com/pasific/v1_0_3/assets/img/flat-icon/neutral_decision.svg]
[mybootheme.com/pasific/v1_0_3/assets/img/flat-icon/bad_decision.svg]
[mybootheme.com/pasific/v1_0_3/assets/img/flat-icon/approve.svg]
[mybootheme.com/pasific/v1_0_3/assets/img/flat-icon/disapprove.svg]
[mybootheme.com/pasific/v1_0_3/assets/img/flat-icon/podium_without_speaker.svg]
[mybootheme.com/pasific/v1_0_3/assets/img/flat-icon/podium_with_speaker.svg]
[mybootheme.com/pasific/v1_0_3/assets/img/flat-icon/podium_with_audience.svg]
[mybootheme.com/pasific/v1_0_3/assets/img/flat-icon/video_projector.svg]
[mybootheme.com/pasific/v1_0_3/assets/img/flat-icon/statistics.svg]
[mybootheme.com/pasific/v1_0_3/assets/img/flat-icon/collaboration.svg]
[mybootheme.com/pasific/v1_0_3/assets/img/flat-icon/voice_presentation.svg]
[mybootheme.com/pasific/v1_0_3/assets/img/flat-icon/conference_call.svg]
[mybootheme.com/pasific/v1_0_3/assets/img/flat-icon/comments.svg]
[mybootheme.com/pasific/v1_0_3/assets/img/flat-icon/faq.svg]
[mybootheme.com/pasific/v1_0_3/assets/img/flat-icon/reuse.svg]
[mybootheme.com/pasific/v1_0_3/assets/img/flat-icon/organization.svg]
[mybootheme.com/pasific/v1_0_3/assets/img/flat-icon/department.svg]
[mybootheme.com/pasific/v1_0_3/assets/img/flat-icon/library.svg]
[mybootheme.com/pasific/v1_0_3/assets/img/flat-icon/shop.svg]
[mybootheme.com/pasific/v1_0_3/assets/img/flat-icon/self_service_kiosk.svg]
[mybootheme.com/pasific/v1_0_3/assets/img/flat-icon/currency_exchange.svg]
[mybootheme.com/pasific/v1_0_3/assets/img/flat-icon/debt.svg]
[mybootheme.com/pasific/v1_0_3/assets/img/flat-icon/sales_performance.svg]
[mybootheme.com/pasific/v1_0_3/assets/img/flat-icon/invite.svg]
[mybootheme.com/pasific/v1_0_3/assets/img/flat-icon/money_transfer.svg]
[mybootheme.com/pasific/v1_0_3/assets/img/flat-icon/feedback.svg]
[mybootheme.com/pasific/v1_0_3/assets/img/flat-icon/approval.svg]
[mybootheme.com/pasific/v1_0_3/assets/img/flat-icon/in_transit.svg]
[mybootheme.com/pasific/v1_0_3/assets/img/flat-icon/shipped.svg]
[mybootheme.com/pasific/v1_0_3/assets/img/flat-icon/package.svg]
[mybootheme.com/pasific/v1_0_3/assets/img/flat-icon/planner.svg]
[mybootheme.com/pasific/v1_0_3/assets/img/flat-icon/overtime.svg]
[mybootheme.com/pasific/v1_0_3/assets/img/flat-icon/leave.svg]
[mybootheme.com/pasific/v1_0_3/assets/img/flat-icon/expired.svg]
[mybootheme.com/pasific/v1_0_3/assets/img/flat-icon/process.svg]
[mybootheme.com/pasific/v1_0_3/assets/img/flat-icon/diploma_1.svg]
[mybootheme.com/pasific/v1_0_3/assets/img/flat-icon/diploma_2.svg]
[mybootheme.com/pasific/v1_0_3/assets/img/flat-icon/business_contact.svg]
[mybootheme.com/pasific/v1_0_3/assets/img/flat-icon/survey.svg]
[mybootheme.com/pasific/v1_0_3/assets/img/flat-icon/inspection.svg]
[mybootheme.com/pasific/v1_0_3/assets/img/flat-icon/rules.svg]
[mybootheme.com/pasific/v1_0_3/assets/img/flat-icon/todo_list.svg]
[mybootheme.com/pasific/v1_0_3/assets/img/flat-icon/ratings.svg]
[mybootheme.com/pasific/v1_0_3/assets/img/flat-icon/questions.svg]
[mybootheme.com/pasific/v1_0_3/assets/img/flat-icon/answers.svg]
[mybootheme.com/pasific/v1_0_3/assets/img/flat-icon/fine_print.svg]
[mybootheme.com/pasific/v1_0_3/assets/img/flat-icon/candle_sticks.svg]
[mybootheme.com/pasific/v1_0_3/assets/img/flat-icon/serial_tasks.svg]
[mybootheme.com/pasific/v1_0_3/assets/img/flat-icon/parallel_tasks.svg]
[mybootheme.com/pasific/v1_0_3/assets/img/flat-icon/tree_structure.svg]
[mybootheme.com/pasific/v1_0_3/assets/img/flat-icon/org_unit.svg]
[mybootheme.com/pasific/v1_0_3/assets/img/flat-icon/privacy.svg]
[mybootheme.com/pasific/v1_0_3/assets/img/flat-icon/disclaimer.svg]
[mybootheme.com/pasific/v1_0_3/assets/img/flat-icon/callback.svg]
[mybootheme.com/pasific/v1_0_3/assets/img/flat-icon/service_mark.svg]
[mybootheme.com/pasific/v1_0_3/assets/img/flat-icon/registered_trademark.svg]
[mybootheme.com/pasific/v1_0_3/assets/img/flat-icon/trademark.svg]
[mybootheme.com/pasific/v1_0_3/assets/img/flat-icon/copyright.svg]
[mybootheme.com/pasific/v1_0_3/assets/img/flat-icon/copyleft.svg]
[mybootheme.com/pasific/v1_0_3/assets/img/flat-icon/sound_recording_copyright.svg]
[mybootheme.com/pasific/v1_0_3/assets/img/flat-icon/butting_in.svg]
[mybootheme.com/pasific/v1_0_3/assets/img/flat-icon/multiple_inputs.svg]
[mybootheme.com/pasific/v1_0_3/assets/img/flat-icon/collect.svg]
[mybootheme.com/pasific/v1_0_3/assets/img/flat-icon/internal.svg]
[mybootheme.com/pasific/v1_0_3/assets/img/flat-icon/external.svg]
[mybootheme.com/pasific/v1_0_3/assets/img/flat-icon/vip.svg]
[mybootheme.com/pasific/v1_0_3/assets/img/flat-icon/light_at_the_end_of_tunnel.svg]
[mybootheme.com/pasific/v1_0_3/assets/img/flat-icon/entering_heaven_alive.svg]
[mybootheme.com/pasific/v1_0_3/assets/img/flat-icon/biomass.svg]
[mybootheme.com/pasific/v1_0_3/assets/img/flat-icon/display.svg]
[mybootheme.com/pasific/v1_0_3/assets/img/flat-icon/do_not_inhale.svg]
[mybootheme.com/pasific/v1_0_3/assets/img/flat-icon/factory.svg]
[mybootheme.com/pasific/v1_0_3/assets/img/flat-icon/factory_breakdown.svg]
[mybootheme.com/pasific/v1_0_3/assets/img/flat-icon/crystal_oscillator.svg]
[mybootheme.com/pasific/v1_0_3/assets/img/flat-icon/capacitor.svg]
[mybootheme.com/pasific/v1_0_3/assets/img/flat-icon/electricity.svg]
[mybootheme.com/pasific/v1_0_3/assets/img/flat-icon/electro_devices.svg]
[mybootheme.com/pasific/v1_0_3/assets/img/flat-icon/electrical_sensor.svg]
[mybootheme.com/pasific/v1_0_3/assets/img/flat-icon/electrical_threshold.svg]
[mybootheme.com/pasific/v1_0_3/assets/img/flat-icon/automotive.svg]
[mybootheme.com/pasific/v1_0_3/assets/img/flat-icon/feed_in.svg]
[mybootheme.com/pasific/v1_0_3/assets/img/flat-icon/dam.svg]
[mybootheme.com/pasific/v1_0_3/assets/img/flat-icon/biotech.svg]
[mybootheme.com/pasific/v1_0_3/assets/img/flat-icon/advance.svg]
[mybootheme.com/pasific/v1_0_3/assets/img/flat-icon/cloth.svg]
[mybootheme.com/pasific/v1_0_3/assets/img/flat-icon/electronics.svg]
[mybootheme.com/pasific/v1_0_3/assets/img/flat-icon/deployment.svg]
[mybootheme.com/pasific/v1_0_3/assets/img/flat-icon/automatic.svg]
[mybootheme.com/pasific/v1_0_3/assets/img/flat-icon/do_not_insert.svg]
[mybootheme.com/pasific/v1_0_3/assets/img/flat-icon/do_not_mix.svg]
[mybootheme.com/pasific/v1_0_3/assets/img/flat-icon/biohazard.svg]
[mybootheme.com/pasific/v1_0_3/assets/img/flat-icon/circuit.svg]
[mybootheme.com/pasific/v1_0_3/assets/img/flat-icon/cell_phone.svg]
[mybootheme.com/pasific/v1_0_3/assets/img/flat-icon/iphone.svg]
[mybootheme.com/pasific/v1_0_3/assets/img/flat-icon/ipad.svg]
[mybootheme.com/pasific/v1_0_3/assets/img/flat-icon/phone_android.svg]
[mybootheme.com/pasific/v1_0_3/assets/img/flat-icon/tablet_android.svg]
[mybootheme.com/pasific/v1_0_3/assets/img/flat-icon/nook.svg]
[mybootheme.com/pasific/v1_0_3/assets/img/flat-icon/kindle.svg]
[mybootheme.com/pasific/v1_0_3/assets/img/flat-icon/two_smartphones.svg]
[mybootheme.com/pasific/v1_0_3/assets/img/flat-icon/multiple_smartphones.svg]
[mybootheme.com/pasific/v1_0_3/assets/img/flat-icon/smartphone_tablet.svg]
[mybootheme.com/pasific/v1_0_3/assets/img/flat-icon/touchscreen_smartphone.svg]
[mybootheme.com/pasific/v1_0_3/assets/img/flat-icon/sim_card.svg]
[mybootheme.com/pasific/v1_0_3/assets/img/flat-icon/sim_card_chip.svg]
[mybootheme.com/pasific/v1_0_3/assets/img/flat-icon/sms.svg]
[mybootheme.com/pasific/v1_0_3/assets/img/flat-icon/mms.svg]
[mybootheme.com/pasific/v1_0_3/assets/img/flat-icon/charge_battery.svg]
[mybootheme.com/pasific/v1_0_3/assets/img/flat-icon/full_battery.svg]
[mybootheme.com/pasific/v1_0_3/assets/img/flat-icon/high_battery.svg]
[mybootheme.com/pasific/v1_0_3/assets/img/flat-icon/middle_battery.svg]
[mybootheme.com/pasific/v1_0_3/assets/img/flat-icon/low_battery.svg]
[mybootheme.com/pasific/v1_0_3/assets/img/flat-icon/empty_battery.svg]
[mybootheme.com/pasific/v1_0_3/assets/img/flat-icon/phone.svg]
[mybootheme.com/pasific/v1_0_3/assets/img/flat-icon/missed_call.svg]
[mybootheme.com/pasific/v1_0_3/assets/img/flat-icon/end_call.svg]
[mybootheme.com/pasific/v1_0_3/assets/img/flat-icon/call_transfer.svg]
[mybootheme.com/pasific/v1_0_3/assets/img/flat-icon/video_call.svg]
[mybootheme.com/pasific/v1_0_3/assets/img/flat-icon/no_video.svg]
[mybootheme.com/pasific/v1_0_3/assets/img/flat-icon/rotate_to_portrait.svg]
[mybootheme.com/pasific/v1_0_3/assets/img/flat-icon/lock_portrait.svg]
[mybootheme.com/pasific/v1_0_3/assets/img/flat-icon/rotate_to_landscape.svg]
[mybootheme.com/pasific/v1_0_3/assets/img/flat-icon/lock_landscape.svg]
[mybootheme.com/pasific/v1_0_3/assets/img/flat-icon/voicemail.svg]
[mybootheme.com/pasific/v1_0_3/assets/img/flat-icon/speaker.svg]
[mybootheme.com/pasific/v1_0_3/assets/img/flat-icon/headset.svg]
[mybootheme.com/pasific/v1_0_3/assets/img/flat-icon/left_up.svg]
[mybootheme.com/pasific/v1_0_3/assets/img/flat-icon/up.svg]
[mybootheme.com/pasific/v1_0_3/assets/img/flat-icon/right_up.svg]
[mybootheme.com/pasific/v1_0_3/assets/img/flat-icon/left.svg]
[mybootheme.com/pasific/v1_0_3/assets/img/flat-icon/right.svg]
[mybootheme.com/pasific/v1_0_3/assets/img/flat-icon/left_down.svg]
[mybootheme.com/pasific/v1_0_3/assets/img/flat-icon/down.svg]
[mybootheme.com/pasific/v1_0_3/assets/img/flat-icon/right_down.svg]
[mybootheme.com/pasific/v1_0_3/assets/img/flat-icon/collapse.svg]
[mybootheme.com/pasific/v1_0_3/assets/img/flat-icon/previous.svg]
[mybootheme.com/pasific/v1_0_3/assets/img/flat-icon/next.svg]
[mybootheme.com/pasific/v1_0_3/assets/img/flat-icon/expand.svg]
[mybootheme.com/pasific/v1_0_3/assets/img/flat-icon/left_down2.svg]
[mybootheme.com/pasific/v1_0_3/assets/img/flat-icon/up_left.svg]
[mybootheme.com/pasific/v1_0_3/assets/img/flat-icon/down_right.svg]
[mybootheme.com/pasific/v1_0_3/assets/img/flat-icon/right_up2.svg]
[mybootheme.com/pasific/v1_0_3/assets/img/flat-icon/up_right.svg]
[mybootheme.com/pasific/v1_0_3/assets/img/flat-icon/right_down2.svg]
[mybootheme.com/pasific/v1_0_3/assets/img/flat-icon/left_up2.svg]
[mybootheme.com/pasific/v1_0_3/assets/img/flat-icon/down_left.svg]
[mybootheme.com/pasific/v1_0_3/assets/img/flat-icon/undo.svg]
[mybootheme.com/pasific/v1_0_3/assets/img/flat-icon/redo.svg]
[mybootheme.com/pasific/v1_0_3/assets/img/flat-icon/filing_cabinet.svg]
[mybootheme.com/pasific/v1_0_3/assets/img/flat-icon/database.svg]
[mybootheme.com/pasific/v1_0_3/assets/img/flat-icon/accept_database.svg]
[mybootheme.com/pasific/v1_0_3/assets/img/flat-icon/add_database.svg]
[mybootheme.com/pasific/v1_0_3/assets/img/flat-icon/delete_database.svg]
[mybootheme.com/pasific/v1_0_3/assets/img/flat-icon/data_backup.svg]
[mybootheme.com/pasific/v1_0_3/assets/img/flat-icon/data_recovery.svg]
[mybootheme.com/pasific/v1_0_3/assets/img/flat-icon/data_configuration.svg]
[mybootheme.com/pasific/v1_0_3/assets/img/flat-icon/data_encryption.svg]
[mybootheme.com/pasific/v1_0_3/assets/img/flat-icon/data_protection.svg]
[mybootheme.com/pasific/v1_0_3/assets/img/flat-icon/grid.svg]
[mybootheme.com/pasific/v1_0_3/assets/img/flat-icon/data_sheet.svg]
[mybootheme.com/pasific/v1_0_3/assets/img/flat-icon/add_column.svg]
[mybootheme.com/pasific/v1_0_3/assets/img/flat-icon/delete_column.svg]
[mybootheme.com/pasific/v1_0_3/assets/img/flat-icon/add_row.svg]
[mybootheme.com/pasific/v1_0_3/assets/img/flat-icon/delete_row.svg]
[mybootheme.com/pasific/v1_0_3/assets/img/flat-icon/generic_sorting_asc.svg]
[mybootheme.com/pasific/v1_0_3/assets/img/flat-icon/generic_sorting_desc.svg]
[mybootheme.com/pasific/v1_0_3/assets/img/flat-icon/alphabetical_sorting_az.svg]
[mybootheme.com/pasific/v1_0_3/assets/img/flat-icon/alphabetical_sorting_za.svg]
[mybootheme.com/pasific/v1_0_3/assets/img/flat-icon/numerical_sorting_21.svg]
[mybootheme.com/pasific/v1_0_3/assets/img/flat-icon/numerical_sorting_12.svg]
[mybootheme.com/pasific/v1_0_3/assets/img/flat-icon/empty_filter.svg]
[mybootheme.com/pasific/v1_0_3/assets/img/flat-icon/filled_filter.svg]
[mybootheme.com/pasific/v1_0_3/assets/img/flat-icon/clear_filters.svg]
[mybootheme.com/pasific/v1_0_3/assets/img/flat-icon/pie_chart.svg]
[mybootheme.com/pasific/v1_0_3/assets/img/flat-icon/radar_plot.svg]
[mybootheme.com/pasific/v1_0_3/assets/img/flat-icon/heat_map.svg]
[mybootheme.com/pasific/v1_0_3/assets/img/flat-icon/timeline.svg]
[mybootheme.com/pasific/v1_0_3/assets/img/flat-icon/bar_chart.svg]
[mybootheme.com/pasific/v1_0_3/assets/img/flat-icon/area_chart.svg]
[mybootheme.com/pasific/v1_0_3/assets/img/flat-icon/scatter_plot.svg]
[mybootheme.com/pasific/v1_0_3/assets/img/flat-icon/doughnut_chart.svg]
[mybootheme.com/pasific/v1_0_3/assets/img/flat-icon/combo_chart.svg]
[mybootheme.com/pasific/v1_0_3/assets/img/flat-icon/flow_chart.svg]
[mybootheme.com/pasific/v1_0_3/assets/img/flat-icon/line_chart.svg]
[mybootheme.com/pasific/v1_0_3/assets/img/flat-icon/genealogy.svg]
[mybootheme.com/pasific/v1_0_3/assets/img/flat-icon/mind_map.svg]
[mybootheme.com/pasific/v1_0_3/assets/img/flat-icon/workflow.svg]
[mybootheme.com/pasific/v1_0_3/assets/img/flat-icon/positive_dynamic.svg]
[mybootheme.com/pasific/v1_0_3/assets/img/flat-icon/negative_dynamic.svg]
[mybootheme.com/pasific/v1_0_3/assets/img/flat-icon/export.svg]
[mybootheme.com/pasific/v1_0_3/assets/img/flat-icon/import.svg]
[mybootheme.com/pasific/v1_0_3/assets/img/flat-icon/list.svg]
[mybootheme.com/pasific/v1_0_3/assets/img/flat-icon/template.svg]
[mybootheme.com/pasific/v1_0_3/assets/img/flat-icon/view_details.svg]
[mybootheme.com/pasific/v1_0_3/assets/fonts/linea-10/linea-arrows/linea-arrows-10.eot]
[mybootheme.com/pasific/v1_0_3/assets/fonts/linea-10/linea-arrows/linea-arrows-10.woff]
[mybootheme.com/pasific/v1_0_3/assets/fonts/linea-10/linea-arrows/linea-arrows-10.ttf]
[mybootheme.com/pasific/v1_0_3/assets/fonts/linea-10/linea-arrows/linea-arrows-10d41d.eot]
[mybootheme.com/pasific/v1_0_3/assets/css/icon/linea-arrows-10.css]
[mybootheme.com/pasific/v1_0_3/assets/fonts/linea-10/linea-basic/linea-basic-10.eot]
[mybootheme.com/pasific/v1_0_3/assets/fonts/linea-10/linea-basic/linea-basic-10.woff]
[mybootheme.com/pasific/v1_0_3/assets/fonts/linea-10/linea-basic/linea-basic-10.ttf]
[mybootheme.com/pasific/v1_0_3/assets/css/icon/linea-basic-10.css]
[mybootheme.com/pasific/v1_0_3/assets/fonts/linea-10/linea-basic-elaboration/linea-basic-elaboration-10.eot]
[mybootheme.com/pasific/v1_0_3/assets/fonts/linea-10/linea-basic/linea-basic-10d41d.eot]
[mybootheme.com/pasific/v1_0_3/assets/fonts/linea-10/linea-basic-elaboration/linea-basic-elaboration-10.woff]
[mybootheme.com/pasific/v1_0_3/assets/fonts/linea-10/linea-basic-elaboration/linea-basic-elaboration-10.ttf]
[mybootheme.com/pasific/v1_0_3/assets/css/icon/linea-basic-elaboration-10.css]
[mybootheme.com/pasific/v1_0_3/assets/fonts/linea-10/linea-ecommerce/linea-ecommerce-10.eot]
[mybootheme.com/pasific/v1_0_3/assets/fonts/linea-10/linea-ecommerce/linea-ecommerce-10d41d.eot]
[mybootheme.com/pasific/v1_0_3/assets/fonts/linea-10/linea-ecommerce/linea-ecommerce-10.woff]
[mybootheme.com/pasific/v1_0_3/assets/fonts/linea-10/linea-ecommerce/linea-ecommerce-10.ttf]
[mybootheme.com/pasific/v1_0_3/assets/css/icon/linea-ecommerce-10.css]
[mybootheme.com/pasific/v1_0_3/assets/fonts/linea-10/linea-basic-elaboration/linea-basic-elaboration-10d41d.eot]
[mybootheme.com/pasific/v1_0_3/assets/fonts/linea-10/linea-music/linea-music-10.eot]
[mybootheme.com/pasific/v1_0_3/assets/fonts/linea-10/linea-music/linea-music-10d41d.eot]
[mybootheme.com/pasific/v1_0_3/assets/fonts/linea-10/linea-music/linea-music-10.woff]
[mybootheme.com/pasific/v1_0_3/assets/fonts/linea-10/linea-music/linea-music-10.ttf]
[mybootheme.com/pasific/v1_0_3/assets/css/icon/linea-music-10.css]
[mybootheme.com/pasific/v1_0_3/assets/fonts/linea-10/linea-software/linea-software-10.eot]
[mybootheme.com/pasific/v1_0_3/assets/fonts/linea-10/linea-software/linea-software-10d41d.eot]
[mybootheme.com/pasific/v1_0_3/assets/fonts/linea-10/linea-software/linea-software-10.woff]
[mybootheme.com/pasific/v1_0_3/assets/fonts/linea-10/linea-software/linea-software-10.ttf]
[mybootheme.com/pasific/v1_0_3/assets/css/icon/linea-software-10.css]
[mybootheme.com/pasific/v1_0_3/assets/fonts/linea-10/linea-weather/linea-weather-10.eot]
[mybootheme.com/pasific/v1_0_3/assets/fonts/linea-10/linea-weather/linea-weather-10.woff]
[mybootheme.com/pasific/v1_0_3/assets/fonts/linea-10/linea-weather/linea-weather-10.ttf]
[mybootheme.com/pasific/v1_0_3/assets/css/icon/linea-weather-10.css]
[connect.facebook.net/en_US/sdk.js]
[mybootheme.com/pasific/v1_0_3/assets/css/range-slider/ion.rangeSlider.css]
[mybootheme.com/pasific/v1_0_3/assets/img/range-price/sprite-skin-flat-orange.png]
[mybootheme.com/pasific/v1_0_3/assets/css/range-slider/ion.rangeSlider.skinFlat.css]
[mybootheme.com/pasific/v1_0_3/img/bg/3-2.html]
[mybootheme.com/pasific/v1_0_3/assets/fonts/linea-10/linea-weather/linea-weather-10d41d.eot]
[mybootheme.com/pasific/v1_0_3/assets/fonts/glyphicons/glyphicons-halflings-regular.html]
[mybootheme.com/pasific/v1_0_3/assets/fonts/glyphicons/glyphicons-halflings-regular.svg]
[mybootheme.com/pasific/v1_0_3/assets/css/owl-carousel/grabbing.html]
[mybootheme.com/pasific/v1_0_3/assets/css/owl-carousel/AjaxLoader.html]
[mybootheme.com/pasific/v1_0_3/assets/fonts/font-awesome/fontawesome-webfont3295.html]
[mybootheme.com/pasific/v1_0_3/assets/fonts/font-awesome/fontawesome-webfont3295.svg]
[mybootheme.com/pasific/v1_0_3/assets/fonts/et-line/et-line.svg]
[mybootheme.com/pasific/v1_0_3/assets/fonts/linea-10/linea-arrows/linea-arrows-10.svg]
[mybootheme.com/pasific/v1_0_3/assets/fonts/linea-10/linea-basic/linea-basic-10.svg]
[mybootheme.com/pasific/v1_0_3/assets/fonts/linea-10/linea-basic-elaboration/linea-basic-elaboration-10.svg]
[mybootheme.com/pasific/v1_0_3/assets/fonts/linea-10/linea-ecommerce/linea-ecommerce-10.svg]
[mybootheme.com/pasific/v1_0_3/assets/fonts/linea-10/linea-music/linea-music-10.svg]
[mybootheme.com/pasific/v1_0_3/assets/fonts/linea-10/linea-software/linea-software-10.svg]
[mybootheme.com/pasific/v1_0_3/assets/fonts/linea-10/linea-weather/linea-weather-10.svg]
[mybootheme.com/pasific/v1_0_3/ABCDEFGHIJKLMNOPQRSTUVWXYZabcdefghijklmnopqrstuvwxyz0123456789+/index.html]
[mybootheme.com/index.html]
[mybootheme.com/restserver.html]
[mybootheme.com/pasific/v1_0_3/dialog/index.html]
[mybootheme.com/pasific/v1_0_3/%s/profile4d6d.html]
